<?xml version="1.0" encoding="UTF-8"?>
<testsuite name="model.PositionTest" tests="1" skipped="0" failures="0" errors="0" timestamp="2019-05-14T10:33:48" hostname="DESKTOP-NOM83A2" time="0.003">
  <properties/>
  <testcase name="positionEqualsTest" classname="model.PositionTest" time="0.003"/>
  <system-out><![CDATA[]]></system-out>
  <system-err><![CDATA[]]></system-err>
</testsuite>
