<?xml version="1.0" encoding="UTF-8"?>
<testsuite name="GameTest" tests="1" skipped="0" failures="0" errors="0" timestamp="2019-05-08T12:44:04" hostname="DESKTOP-NOM83A2" time="0.022">
  <properties/>
  <testcase name="getAllNonOccupiedPositionsModifyTest" classname="GameTest" time="0.022"/>
  <system-out><![CDATA[[Position: 0 0, Position: 0 3, Position: 0 6, Position: 1 1, Position: 1 3, Position: 1 5, Position: 2 2, Position: 2 3, Position: 2 4, Position: 3 0, Position: 3 1, Position: 3 2, Position: 3 4, Position: 3 5, Position: 3 6, Position: 4 2, Position: 4 3, Position: 4 4, Position: 5 1, Position: 5 3, Position: 5 5, Position: 6 0, Position: 6 3, Position: 6 6]
]]></system-out>
  <system-err><![CDATA[]]></system-err>
</testsuite>
