<?xml version="1.0" encoding="UTF-8"?>
<testsuite name="AI_Test" tests="1" skipped="0" failures="0" errors="0" timestamp="2019-05-14T22:10:20" hostname="DESKTOP-NOM83A2" time="0.004">
  <properties/>
  <testcase name="evaluationTest" classname="AI_Test" time="0.004"/>
  <system-out><![CDATA[]]></system-out>
  <system-err><![CDATA[]]></system-err>
</testsuite>
